# JRE version: OpenJDK Runtime Environment (8.0_152-b01) (build 1.8.0_152-release-1343-b01)
# Java VM: OpenJDK 64-Bit Server VM (25.152-b01 mixed mode windows-amd64 compressed oops)
Heap:
 PSYoungGen      total 145920K, used 17935K [0x00000000e0000000, 0x00000000ed680000, 0x0000000100000000)
  eden space 133120K, 13% used [0x00000000e0000000,0x00000000e1183fc8,0x00000000e8200000)
  from space 12800K, 0% used [0x00000000e8200000,0x00000000e8200000,0x00000000e8e80000)
  to   space 13312K, 0% used [0x00000000ec980000,0x00000000ec980000,0x00000000ed680000)
 ParOldGen       total 102400K, used 34952K [0x00000000a0000000, 0x00000000a6400000, 0x00000000e0000000)
  object space 102400K, 34% used [0x00000000a0000000,0x00000000a22221d8,0x00000000a6400000)
 Metaspace       used 57937K, capacity 59734K, committed 59992K, reserved 1101824K
  class space    used 7813K, capacity 8247K, committed 8280K, reserved 1048576K
GC Heap History (10 events):
Event: 19.397 GC heap before
{Heap before GC invocations=12 (full 2):
 PSYoungGen      total 102400K, used 6530K [0x00000000e0000000, 0x00000000e7000000, 0x0000000100000000)
  eden space 93184K, 0% used [0x00000000e0000000,0x00000000e0000000,0x00000000e5b00000)
  from space 9216K, 70% used [0x00000000e6700000,0x00000000e6d609f8,0x00000000e7000000)
  to   space 10752K, 0% used [0x00000000e5b00000,0x00000000e5b00000,0x00000000e6580000)
 ParOldGen       total 48640K, used 10281K [0x00000000a0000000, 0x00000000a2f80000, 0x00000000e0000000)
  object space 48640K, 21% used [0x00000000a0000000,0x00000000a0a0a650,0x00000000a2f80000)
 Metaspace       used 34543K, capacity 35402K, committed 35456K, reserved 1079296K
  class space    used 4773K, capacity 4984K, committed 4992K, reserved 1048576K
Event: 19.474 GC heap after
Heap after GC invocations=12 (full 2):
 PSYoungGen      total 102400K, used 0K [0x00000000e0000000, 0x00000000e7000000, 0x0000000100000000)
  eden space 93184K, 0% used [0x00000000e0000000,0x00000000e0000000,0x00000000e5b00000)
  from space 9216K, 0% used [0x00000000e6700000,0x00000000e6700000,0x00000000e7000000)
  to   space 10752K, 0% used [0x00000000e5b00000,0x00000000e5b00000,0x00000000e6580000)
 ParOldGen       total 67072K, used 16009K [0x00000000a0000000, 0x00000000a4180000, 0x00000000e0000000)
  object space 67072K, 23% used [0x00000000a0000000,0x00000000a0fa2508,0x00000000a4180000)
 Metaspace       used 34527K, capacity 35348K, committed 35456K, reserved 1079296K
  class space    used 4768K, capacity 4975K, committed 4992K, reserved 1048576K
}
Event: 22.630 GC heap before
{Heap before GC invocations=13 (full 2):
 PSYoungGen      total 102400K, used 93184K [0x00000000e0000000, 0x00000000e7000000, 0x0000000100000000)
  eden space 93184K, 100% used [0x00000000e0000000,0x00000000e5b00000,0x00000000e5b00000)
  from space 9216K, 0% used [0x00000000e6700000,0x00000000e6700000,0x00000000e7000000)
  to   space 10752K, 0% used [0x00000000e5b00000,0x00000000e5b00000,0x00000000e6580000)
 ParOldGen       total 67072K, used 16009K [0x00000000a0000000, 0x00000000a4180000, 0x00000000e0000000)
  object space 67072K, 23% used [0x00000000a0000000,0x00000000a0fa2508,0x00000000a4180000)
 Metaspace       used 43417K, capacity 44492K, committed 44800K, reserved 1087488K
  class space    used 5881K, capacity 6129K, committed 6144K, reserved 1048576K
Event: 22.668 GC heap after
Heap after GC invocations=13 (full 2):
 PSYoungGen      total 103936K, used 10728K [0x00000000e0000000, 0x00000000e9a80000, 0x0000000100000000)
  eden space 93184K, 0% used [0x00000000e0000000,0x00000000e0000000,0x00000000e5b00000)
  from space 10752K, 99% used [0x00000000e5b00000,0x00000000e657a1f0,0x00000000e6580000)
  to   space 12288K, 0% used [0x00000000e8e80000,0x00000000e8e80000,0x00000000e9a80000)
 ParOldGen       total 67072K, used 17212K [0x00000000a0000000, 0x00000000a4180000, 0x00000000e0000000)
  object space 67072K, 25% used [0x00000000a0000000,0x00000000a10cf248,0x00000000a4180000)
 Metaspace       used 43417K, capacity 44492K, committed 44800K, reserved 1087488K
  class space    used 5881K, capacity 6129K, committed 6144K, reserved 1048576K
}
Event: 23.991 GC heap before
{Heap before GC invocations=14 (full 2):
 PSYoungGen      total 103936K, used 103912K [0x00000000e0000000, 0x00000000e9a80000, 0x0000000100000000)
  eden space 93184K, 100% used [0x00000000e0000000,0x00000000e5b00000,0x00000000e5b00000)
  from space 10752K, 99% used [0x00000000e5b00000,0x00000000e657a1f0,0x00000000e6580000)
  to   space 12288K, 0% used [0x00000000e8e80000,0x00000000e8e80000,0x00000000e9a80000)
 ParOldGen       total 67072K, used 17212K [0x00000000a0000000, 0x00000000a4180000, 0x00000000e0000000)
  object space 67072K, 25% used [0x00000000a0000000,0x00000000a10cf248,0x00000000a4180000)
 Metaspace       used 48126K, capacity 49468K, committed 49664K, reserved 1091584K
  class space    used 6533K, capacity 6842K, committed 6912K, reserved 1048576K
Event: 24.051 GC heap after
Heap after GC invocations=14 (full 2):
 PSYoungGen      total 145408K, used 9761K [0x00000000e0000000, 0x00000000e9f00000, 0x0000000100000000)
  eden space 133120K, 0% used [0x00000000e0000000,0x00000000e0000000,0x00000000e8200000)
  from space 12288K, 79% used [0x00000000e8e80000,0x00000000e98086b0,0x00000000e9a80000)
  to   space 12800K, 0% used [0x00000000e8200000,0x00000000e8200000,0x00000000e8e80000)
 ParOldGen       total 67072K, used 23469K [0x00000000a0000000, 0x00000000a4180000, 0x00000000e0000000)
  object space 67072K, 34% used [0x00000000a0000000,0x00000000a16eb538,0x00000000a4180000)
 Metaspace       used 48126K, capacity 49468K, committed 49664K, reserved 1091584K
  class space    used 6533K, capacity 6842K, committed 6912K, reserved 1048576K
}
Event: 25.977 GC heap before
{Heap before GC invocations=15 (full 2):
 PSYoungGen      total 145408K, used 114647K [0x00000000e0000000, 0x00000000e9f00000, 0x0000000100000000)
  eden space 133120K, 78% used [0x00000000e0000000,0x00000000e666d658,0x00000000e8200000)
  from space 12288K, 79% used [0x00000000e8e80000,0x00000000e98086b0,0x00000000e9a80000)
  to   space 12800K, 0% used [0x00000000e8200000,0x00000000e8200000,0x00000000e8e80000)
 ParOldGen       total 67072K, used 23469K [0x00000000a0000000, 0x00000000a4180000, 0x00000000e0000000)
  object space 67072K, 34% used [0x00000000a0000000,0x00000000a16eb538,0x00000000a4180000)
 Metaspace       used 57316K, capacity 58970K, committed 59096K, reserved 1099776K
  class space    used 7691K, capacity 8113K, committed 8152K, reserved 1048576K
Event: 25.998 GC heap after
Heap after GC invocations=15 (full 2):
 PSYoungGen      total 145920K, used 10064K [0x00000000e0000000, 0x00000000ed680000, 0x0000000100000000)
  eden space 133120K, 0% used [0x00000000e0000000,0x00000000e0000000,0x00000000e8200000)
  from space 12800K, 78% used [0x00000000e8200000,0x00000000e8bd42f0,0x00000000e8e80000)
  to   space 13312K, 0% used [0x00000000ec980000,0x00000000ec980000,0x00000000ed680000)
 ParOldGen       total 67072K, used 29115K [0x00000000a0000000, 0x00000000a4180000, 0x00000000e0000000)
  object space 67072K, 43% used [0x00000000a0000000,0x00000000a1c6edd8,0x00000000a4180000)
 Metaspace       used 57316K, capacity 58970K, committed 59096K, reserved 1099776K
  class space    used 7691K, capacity 8113K, committed 8152K, reserved 1048576K
}
Event: 25.998 GC heap before
{Heap before GC invocations=16 (full 3):
 PSYoungGen      total 145920K, used 10064K [0x00000000e0000000, 0x00000000ed680000, 0x0000000100000000)
  eden space 133120K, 0% used [0x00000000e0000000,0x00000000e0000000,0x00000000e8200000)
  from space 12800K, 78% used [0x00000000e8200000,0x00000000e8bd42f0,0x00000000e8e80000)
  to   space 13312K, 0% used [0x00000000ec980000,0x00000000ec980000,0x00000000ed680000)
 ParOldGen       total 67072K, used 29115K [0x00000000a0000000, 0x00000000a4180000, 0x00000000e0000000)
  object space 67072K, 43% used [0x00000000a0000000,0x00000000a1c6edd8,0x00000000a4180000)
 Metaspace       used 57316K, capacity 58970K, committed 59096K, reserved 1099776K
  class space    used 7691K, capacity 8113K, committed 8152K, reserved 1048576K
Event: 26.305 GC heap after
Heap after GC invocations=16 (full 3):
 PSYoungGen      total 145920K, used 0K [0x00000000e0000000, 0x00000000ed680000, 0x0000000100000000)
  eden space 133120K, 0% used [0x00000000e0000000,0x00000000e0000000,0x00000000e8200000)
  from space 12800K, 0% used [0x00000000e8200000,0x00000000e8200000,0x00000000e8e80000)
  to   space 13312K, 0% used [0x00000000ec980000,0x00000000ec980000,0x00000000ed680000)
 ParOldGen       total 102400K, used 34952K [0x00000000a0000000, 0x00000000a6400000, 0x00000000e0000000)
  object space 102400K, 34% used [0x00000000a0000000,0x00000000a22221d8,0x00000000a6400000)
 Metaspace       used 57316K, capacity 58970K, committed 59096K, reserved 1099776K
  class space    used 7691K, capacity 8113K, committed 8152K, reserved 1048576K
}

